c:\users\admin\source\repos\elpis_adventure\elpis_adventure\x64\debug\vc143.pdb
c:\users\admin\source\repos\elpis_adventure\elpis_adventure\x64\debug\vc143.idb
c:\users\admin\source\repos\elpis_adventure\elpis_adventure\x64\debug\timer.obj
c:\users\admin\source\repos\elpis_adventure\elpis_adventure\x64\debug\shooting.obj
c:\users\admin\source\repos\elpis_adventure\elpis_adventure\x64\debug\player.obj
c:\users\admin\source\repos\elpis_adventure\elpis_adventure\x64\debug\main.obj
c:\users\admin\source\repos\elpis_adventure\elpis_adventure\x64\debug\gameobject.obj
c:\users\admin\source\repos\elpis_adventure\elpis_adventure\x64\debug\gamemap.obj
c:\users\admin\source\repos\elpis_adventure\elpis_adventure\x64\debug\game.obj
c:\users\admin\source\repos\elpis_adventure\elpis_adventure\x64\debug\enemy.obj
c:\users\admin\source\repos\elpis_adventure\elpis_adventure\x64\debug\explosion.obj
c:\users\admin\source\repos\elpis_adventure\elpis_adventure\x64\debug\textobject.obj
c:\users\admin\source\repos\elpis_adventure\elpis_adventure\x64\debug\playerbar.obj
c:\users\admin\source\repos\elpis_adventure\elpis_adventure\x64\debug\geometry.obj
c:\users\admin\source\repos\elpis_adventure\elpis_adventure\x64\debug\sounds.obj
c:\users\admin\source\repos\elpis_adventure\elpis_adventure\x64\debug\menu.obj
c:\users\admin\source\repos\elpis_adventure\elpis_adventure\x64\debug\boss.obj
c:\users\admin\source\repos\elpis_adventure\x64\debug\elpis_adventure.exe
c:\users\admin\source\repos\elpis_adventure\elpis_adventure\x64\debug\elpis_adventure.ilk
c:\users\admin\source\repos\elpis_adventure\x64\debug\elpis_adventure.pdb
c:\users\admin\source\repos\elpis_adventure\elpis_adventure\x64\debug\main.obj.enc
c:\users\admin\source\repos\elpis_adventure\elpis_adventure\x64\debug\menu.obj.enc
c:\users\admin\source\repos\elpis_adventure\elpis_adventure\x64\debug\enemy.nativecodeanalysis.xml
c:\users\admin\source\repos\elpis_adventure\elpis_adventure\x64\debug\game.nativecodeanalysis.xml
c:\users\admin\source\repos\elpis_adventure\elpis_adventure\x64\debug\gamemap.nativecodeanalysis.xml
c:\users\admin\source\repos\elpis_adventure\elpis_adventure\x64\debug\gameobject.nativecodeanalysis.xml
c:\users\admin\source\repos\elpis_adventure\elpis_adventure\x64\debug\main.nativecodeanalysis.xml
c:\users\admin\source\repos\elpis_adventure\elpis_adventure\x64\debug\player.nativecodeanalysis.xml
c:\users\admin\source\repos\elpis_adventure\elpis_adventure\x64\debug\shooting.nativecodeanalysis.xml
c:\users\admin\source\repos\elpis_adventure\elpis_adventure\x64\debug\timer.nativecodeanalysis.xml
c:\users\admin\source\repos\elpis_adventure\elpis_adventure\x64\debug\vc.nativecodeanalysis.all.xml
c:\users\admin\source\repos\elpis_adventure\elpis_adventure\x64\debug\elpis_adventure.tlog\cl.command.1.tlog
c:\users\admin\source\repos\elpis_adventure\elpis_adventure\x64\debug\elpis_adventure.tlog\cl.read.1.tlog
c:\users\admin\source\repos\elpis_adventure\elpis_adventure\x64\debug\elpis_adventure.tlog\cl.write.1.tlog
c:\users\admin\source\repos\elpis_adventure\elpis_adventure\x64\debug\elpis_adventure.tlog\link.command.1.tlog
c:\users\admin\source\repos\elpis_adventure\elpis_adventure\x64\debug\elpis_adventure.tlog\link.read.1.tlog
c:\users\admin\source\repos\elpis_adventure\elpis_adventure\x64\debug\elpis_adventure.tlog\link.write.1.tlog
